<?xml version="1.0" encoding="UTF-8"?>
<TestRun id="cbd9a647-6d84-4ed7-b6cf-697e9390921b" name="vipul@PSSPL31 2011-11-07 18:21:40" runUser="SERVER\vipul" xmlns="http://microsoft.com/schemas/VisualStudio/TeamTest/2010">
  <TestSettings name="Local" id="3264397e-90e9-4a18-9056-23e80fc89126">
    <Description>These are default test settings for a local test run.</Description>
    <Deployment enabled="false" runDeploymentRoot="vipul_PSSPL31 2011-11-07 18_21_40">
      <DeploymentItem filename="D:\Vipul\Project R&amp;D\EmailScheduler\EmailScheduler.Service.Api\bin\Debug\EmailScheduler.Service.Api.dll" />
      <DeploymentItem filename="D:\Vipul\Project R&amp;D\EmailScheduler\EmailScheduler.Object.Implementation\bin\Debug\EmailScheduler.Object.Implementation.dll" />
      <DeploymentItem filename="D:\Vipul\Project R&amp;D\EmailScheduler\EmailScheduler.Client.Contracts\bin\Debug\EmailScheduler.Client.Contracts.dll" />
      <DeploymentItem filename="D:\Vipul\Project R&amp;D\EmailScheduler\EmailScheduler.Client.Api\bin\Debug\EmailScheduler.Client.Api.dll" />
      <DeploymentItem filename="D:\Vipul\Project R&amp;D\EmailScheduler\EmailScheduler.Object.Contracts\bin\Debug\EmailScheduler.Object.Contracts.dll" />
      <DeploymentItem filename="D:\Vipul\Project R&amp;D\EmailScheduler\EmailScheduler.Common\bin\Debug\EmailScheduler.Common.dll" />
      <DeploymentItem filename="D:\Vipul\Project R&amp;D\EmailScheduler\EmailScheduler.Service.Contracts\bin\Debug\EmailScheduler.Service.Contracts.dll" />
    </Deployment>
    <Execution>
      <TestTypeSpecific />
      <AgentRule name="Execution Agents">
      </AgentRule>
    </Execution>
  </TestSettings>
  <Times creation="2011-11-07T18:21:40.1400910+05:30" queuing="2011-11-07T18:21:43.0949800+05:30" start="2011-11-07T18:21:43.7882950+05:30" finish="2011-11-07T18:21:58.8879145+05:30" />
  <ResultSummary outcome="Completed">
    <Counters total="1" executed="1" passed="1" error="0" failed="0" timeout="0" aborted="0" inconclusive="0" passedButRunAborted="0" notRunnable="0" notExecuted="0" disconnected="0" warning="0" completed="0" inProgress="0" pending="0" />
  </ResultSummary>
  <TestDefinitions>
    <UnitTest name="CreateDailyTest" storage="d:\vipul\project r&amp;d\emailscheduler\emailscheduler.test\bin\debug\emailscheduler.test.dll" id="5b9ddc0f-3de6-4bdf-a771-6b6576d3a5ef">
      <Execution id="8a0ce534-78cc-473c-a1ed-87111cfad690" />
      <TestMethod codeBase="D:/Vipul/Project R&amp;D/EmailScheduler/EmailScheduler.Test/bin/Debug/EmailScheduler.Test.DLL" adapterTypeName="Microsoft.VisualStudio.TestTools.TestTypes.Unit.UnitTestAdapter, Microsoft.VisualStudio.QualityTools.Tips.UnitTest.Adapter, Version=10.0.0.0, Culture=neutral, PublicKeyToken=b03f5f7f11d50a3a" className="EmailScheduler.Test.EmailRequestTest, EmailScheduler.Test, Version=1.0.0.0, Culture=neutral, PublicKeyToken=null" name="CreateDailyTest" />
    </UnitTest>
  </TestDefinitions>
  <TestLists>
    <TestList name="Results Not in a List" id="8c84fa94-04c1-424b-9868-57a2d4851a1d" />
    <TestList name="All Loaded Results" id="19431567-8539-422a-85d7-44ee4e166bda" />
  </TestLists>
  <TestEntries>
    <TestEntry testId="5b9ddc0f-3de6-4bdf-a771-6b6576d3a5ef" executionId="8a0ce534-78cc-473c-a1ed-87111cfad690" testListId="8c84fa94-04c1-424b-9868-57a2d4851a1d" />
  </TestEntries>
  <Results>
    <UnitTestResult executionId="8a0ce534-78cc-473c-a1ed-87111cfad690" testId="5b9ddc0f-3de6-4bdf-a771-6b6576d3a5ef" testName="CreateDailyTest" computerName="PSSPL31" duration="00:00:11.9801820" startTime="2011-11-07T18:21:44.1339760+05:30" endTime="2011-11-07T18:21:58.2854140+05:30" testType="13cdc9d9-ddb5-4fa4-a97d-d965ccfc6d4b" outcome="Passed" testListId="8c84fa94-04c1-424b-9868-57a2d4851a1d" relativeResultsDirectory="8a0ce534-78cc-473c-a1ed-87111cfad690">
    </UnitTestResult>
  </Results>
</TestRun>