<?xml version="1.0" encoding="UTF-8"?>
<TestRun id="20dee5f5-a082-4207-8112-4455e8c07562" name="vipul@PSSPL31 2011-11-07 18:30:00" runUser="SERVER\vipul" xmlns="http://microsoft.com/schemas/VisualStudio/TeamTest/2010">
  <TestSettings name="Local" id="3264397e-90e9-4a18-9056-23e80fc89126">
    <Description>These are default test settings for a local test run.</Description>
    <Deployment enabled="false" runDeploymentRoot="vipul_PSSPL31 2011-11-07 18_30_00">
      <DeploymentItem filename="D:\Vipul\Project R&amp;D\EmailScheduler\EmailScheduler.Service.Api\bin\Debug\EmailScheduler.Service.Api.dll" />
      <DeploymentItem filename="D:\Vipul\Project R&amp;D\EmailScheduler\EmailScheduler.Object.Implementation\bin\Debug\EmailScheduler.Object.Implementation.dll" />
      <DeploymentItem filename="D:\Vipul\Project R&amp;D\EmailScheduler\EmailScheduler.Client.Contracts\bin\Debug\EmailScheduler.Client.Contracts.dll" />
      <DeploymentItem filename="D:\Vipul\Project R&amp;D\EmailScheduler\EmailScheduler.Client.Api\bin\Debug\EmailScheduler.Client.Api.dll" />
      <DeploymentItem filename="D:\Vipul\Project R&amp;D\EmailScheduler\EmailScheduler.Object.Contracts\bin\Debug\EmailScheduler.Object.Contracts.dll" />
      <DeploymentItem filename="D:\Vipul\Project R&amp;D\EmailScheduler\EmailScheduler.Common\bin\Debug\EmailScheduler.Common.dll" />
      <DeploymentItem filename="D:\Vipul\Project R&amp;D\EmailScheduler\EmailScheduler.Service.Contracts\bin\Debug\EmailScheduler.Service.Contracts.dll" />
    </Deployment>
    <Execution>
      <TestTypeSpecific />
      <AgentRule name="Execution Agents">
      </AgentRule>
    </Execution>
  </TestSettings>
  <Times creation="2011-11-07T18:30:00.0836785+05:30" queuing="2011-11-07T18:30:03.1049695+05:30" start="2011-11-07T18:30:03.6371620+05:30" finish="2011-11-07T18:30:24.4678600+05:30" />
  <ResultSummary outcome="Error">
    <Counters total="1" executed="1" error="0" failed="0" timeout="0" aborted="1" inconclusive="0" passedButRunAborted="0" notRunnable="0" notExecuted="0" disconnected="0" warning="0" passed="0" completed="0" inProgress="0" pending="0" />
    <RunInfos>
      <RunInfo computerName="PSSPL31" outcome="Error" timestamp="2011-11-07T18:30:24.4639540+05:30">
        <Text>Test host process exited unexpectedly.</Text>
      </RunInfo>
    </RunInfos>
  </ResultSummary>
  <TestDefinitions>
    <UnitTest name="ServiceTest" storage="d:\vipul\project r&amp;d\emailscheduler\emailscheduler.test\bin\debug\emailscheduler.test.dll" id="f25e3b6a-2ea3-a6c6-4d38-bd90b9fc493d">
      <Execution id="46b3fe18-832b-44f4-8e6b-ab75f7d52dec" />
      <TestMethod codeBase="D:/Vipul/Project R&amp;D/EmailScheduler/EmailScheduler.Test/bin/Debug/EmailScheduler.Test.DLL" adapterTypeName="Microsoft.VisualStudio.TestTools.TestTypes.Unit.UnitTestAdapter, Microsoft.VisualStudio.QualityTools.Tips.UnitTest.Adapter, Version=10.0.0.0, Culture=neutral, PublicKeyToken=b03f5f7f11d50a3a" className="EmailScheduler.Test.EmailRequestTest, EmailScheduler.Test, Version=1.0.0.0, Culture=neutral, PublicKeyToken=null" name="ServiceTest" />
    </UnitTest>
  </TestDefinitions>
  <TestLists>
    <TestList name="Results Not in a List" id="8c84fa94-04c1-424b-9868-57a2d4851a1d" />
    <TestList name="All Loaded Results" id="19431567-8539-422a-85d7-44ee4e166bda" />
  </TestLists>
  <TestEntries>
    <TestEntry testId="f25e3b6a-2ea3-a6c6-4d38-bd90b9fc493d" executionId="46b3fe18-832b-44f4-8e6b-ab75f7d52dec" testListId="8c84fa94-04c1-424b-9868-57a2d4851a1d" />
  </TestEntries>
  <Results>
    <UnitTestResult executionId="46b3fe18-832b-44f4-8e6b-ab75f7d52dec" testId="f25e3b6a-2ea3-a6c6-4d38-bd90b9fc493d" testName="ServiceTest" computerName="PSSPL31" duration="00:00:20.5006410" startTime="2011-11-07T18:30:03.9662425+05:30" endTime="2011-11-07T18:30:24.4668835+05:30" testType="13cdc9d9-ddb5-4fa4-a97d-d965ccfc6d4b" outcome="Aborted" testListId="8c84fa94-04c1-424b-9868-57a2d4851a1d" relativeResultsDirectory="46b3fe18-832b-44f4-8e6b-ab75f7d52dec">
    </UnitTestResult>
  </Results>
</TestRun>