<?xml version="1.0" encoding="UTF-8"?>
<TestRun id="f8b32418-4a93-472a-9641-269d10ac5e35" name="vipul@PSSPL31 2011-11-07 17:43:26" runUser="SERVER\vipul" xmlns="http://microsoft.com/schemas/VisualStudio/TeamTest/2010">
  <TestSettings name="Local" id="3264397e-90e9-4a18-9056-23e80fc89126">
    <Description>These are default test settings for a local test run.</Description>
    <Deployment enabled="false" runDeploymentRoot="vipul_PSSPL31 2011-11-07 17_43_26">
      <DeploymentItem filename="D:\Vipul\Project R&amp;D\EmailScheduler\EmailScheduler.Service.Api\bin\Debug\EmailScheduler.Service.Api.dll" />
      <DeploymentItem filename="D:\Vipul\Project R&amp;D\EmailScheduler\EmailScheduler.Object.Implementation\bin\Debug\EmailScheduler.Object.Implementation.dll" />
      <DeploymentItem filename="D:\Vipul\Project R&amp;D\EmailScheduler\EmailScheduler.Client.Contracts\bin\Debug\EmailScheduler.Client.Contracts.dll" />
      <DeploymentItem filename="D:\Vipul\Project R&amp;D\EmailScheduler\EmailScheduler.Client.Api\bin\Debug\EmailScheduler.Client.Api.dll" />
      <DeploymentItem filename="D:\Vipul\Project R&amp;D\EmailScheduler\EmailScheduler.Object.Contracts\bin\Debug\EmailScheduler.Object.Contracts.dll" />
      <DeploymentItem filename="D:\Vipul\Project R&amp;D\EmailScheduler\EmailScheduler.Common\bin\Debug\EmailScheduler.Common.dll" />
      <DeploymentItem filename="D:\Vipul\Project R&amp;D\EmailScheduler\EmailScheduler.Service.Contracts\bin\Debug\EmailScheduler.Service.Contracts.dll" />
    </Deployment>
    <Execution>
      <TestTypeSpecific />
      <AgentRule name="Execution Agents">
      </AgentRule>
    </Execution>
  </TestSettings>
  <Times creation="2011-11-07T17:43:26.3144692+05:30" queuing="2011-11-07T17:43:30.0023320+05:30" start="2011-11-07T17:43:30.6223460+05:30" finish="2011-11-07T17:44:41.3058948+05:30" />
  <ResultSummary outcome="Failed">
    <Counters total="1" executed="1" error="0" failed="1" timeout="0" aborted="0" inconclusive="0" passedButRunAborted="0" notRunnable="0" notExecuted="0" disconnected="0" warning="0" passed="0" completed="0" inProgress="0" pending="0" />
  </ResultSummary>
  <TestDefinitions>
    <UnitTest name="CreateDailyTest" storage="d:\vipul\project r&amp;d\emailscheduler\emailscheduler.test\bin\debug\emailscheduler.test.dll" id="5b9ddc0f-3de6-4bdf-a771-6b6576d3a5ef">
      <Execution id="d67f48cc-83ff-4f5e-b0a4-e2e4a72deab5" />
      <TestMethod codeBase="D:/Vipul/Project R&amp;D/EmailScheduler/EmailScheduler.Test/bin/Debug/EmailScheduler.Test.DLL" adapterTypeName="Microsoft.VisualStudio.TestTools.TestTypes.Unit.UnitTestAdapter, Microsoft.VisualStudio.QualityTools.Tips.UnitTest.Adapter, Version=10.0.0.0, Culture=neutral, PublicKeyToken=b03f5f7f11d50a3a" className="EmailScheduler.Test.EmailRequestTest, EmailScheduler.Test, Version=1.0.0.0, Culture=neutral, PublicKeyToken=null" name="CreateDailyTest" />
    </UnitTest>
  </TestDefinitions>
  <TestLists>
    <TestList name="Results Not in a List" id="8c84fa94-04c1-424b-9868-57a2d4851a1d" />
    <TestList name="All Loaded Results" id="19431567-8539-422a-85d7-44ee4e166bda" />
  </TestLists>
  <TestEntries>
    <TestEntry testId="5b9ddc0f-3de6-4bdf-a771-6b6576d3a5ef" executionId="d67f48cc-83ff-4f5e-b0a4-e2e4a72deab5" testListId="8c84fa94-04c1-424b-9868-57a2d4851a1d" />
  </TestEntries>
  <Results>
    <UnitTestResult executionId="d67f48cc-83ff-4f5e-b0a4-e2e4a72deab5" testId="5b9ddc0f-3de6-4bdf-a771-6b6576d3a5ef" testName="CreateDailyTest" computerName="PSSPL31" duration="00:01:07.3542545" startTime="2011-11-07T17:43:31.1691300+05:30" endTime="2011-11-07T17:44:40.5374680+05:30" testType="13cdc9d9-ddb5-4fa4-a97d-d965ccfc6d4b" outcome="Failed" testListId="8c84fa94-04c1-424b-9868-57a2d4851a1d" relativeResultsDirectory="d67f48cc-83ff-4f5e-b0a4-e2e4a72deab5">
      <Output>
        <ErrorInfo>
          <Message>Test method EmailScheduler.Test.EmailRequestTest.CreateDailyTest threw exception: 
System.NullReferenceException: Object reference not set to an instance of an object.</Message>
          <StackTrace>    at EmailScheduler.MemoryRepository.Repostory.EmailScheduler.Client.Contracts.IEmailRequest.Create(IEmailRequestResult emailRequest, IEventParameter events, EmailScheduleType scheduleType) in D:\Vipul\Project R&amp;D\EmailScheduler\EmailScheduler.MemoryRepository\Repostory.cs:line 26
   at EmailScheduler.Client.Api.EmailRequest.Create(List`1 toList, String subject, String body, List`1 attachementList, EmailScheduleType type) in D:\Vipul\Project R&amp;D\EmailScheduler\EmailScheduler.Client.Api\EmailSchedulerClient.cs:line 61
   at EmailScheduler.Client.Api.EmailRequest.CreateDaily(List`1 toList, String subject, String body, List`1 attachementList) in D:\Vipul\Project R&amp;D\EmailScheduler\EmailScheduler.Client.Api\EmailSchedulerClient.cs:line 69
   at EmailScheduler.Test.EmailRequestTest.CreateDailyTest() in D:\Vipul\Project R&amp;D\EmailScheduler\EmailScheduler.Test\EmailRequestTest.cs:line 93
</StackTrace>
        </ErrorInfo>
      </Output>
    </UnitTestResult>
  </Results>
</TestRun>