<?xml version="1.0" encoding="UTF-8"?>
<TestRun id="e8aebff5-1230-4d07-992a-f3570513ac86" name="vipul@PSSPL31 2011-11-07 18:30:27" runUser="SERVER\vipul" xmlns="http://microsoft.com/schemas/VisualStudio/TeamTest/2010">
  <TestSettings name="Local" id="3264397e-90e9-4a18-9056-23e80fc89126">
    <Description>These are default test settings for a local test run.</Description>
    <Deployment enabled="false" runDeploymentRoot="vipul_PSSPL31 2011-11-07 18_30_27">
      <DeploymentItem filename="D:\Vipul\Project R&amp;D\EmailScheduler\EmailScheduler.Service.Api\bin\Debug\EmailScheduler.Service.Api.dll" />
      <DeploymentItem filename="D:\Vipul\Project R&amp;D\EmailScheduler\EmailScheduler.Object.Implementation\bin\Debug\EmailScheduler.Object.Implementation.dll" />
      <DeploymentItem filename="D:\Vipul\Project R&amp;D\EmailScheduler\EmailScheduler.Client.Contracts\bin\Debug\EmailScheduler.Client.Contracts.dll" />
      <DeploymentItem filename="D:\Vipul\Project R&amp;D\EmailScheduler\EmailScheduler.Client.Api\bin\Debug\EmailScheduler.Client.Api.dll" />
      <DeploymentItem filename="D:\Vipul\Project R&amp;D\EmailScheduler\EmailScheduler.Object.Contracts\bin\Debug\EmailScheduler.Object.Contracts.dll" />
      <DeploymentItem filename="D:\Vipul\Project R&amp;D\EmailScheduler\EmailScheduler.Common\bin\Debug\EmailScheduler.Common.dll" />
      <DeploymentItem filename="D:\Vipul\Project R&amp;D\EmailScheduler\EmailScheduler.Service.Contracts\bin\Debug\EmailScheduler.Service.Contracts.dll" />
    </Deployment>
    <Execution>
      <TestTypeSpecific />
      <AgentRule name="Execution Agents">
      </AgentRule>
    </Execution>
  </TestSettings>
  <Times creation="2011-11-07T18:30:27.7781950+05:30" queuing="2011-11-07T18:30:31.0162690+05:30" start="2011-11-07T18:30:31.5640855+05:30" finish="2011-11-07T18:30:57.2655655+05:30" />
  <ResultSummary outcome="Failed">
    <Counters total="1" executed="1" error="0" failed="1" timeout="0" aborted="0" inconclusive="0" passedButRunAborted="0" notRunnable="0" notExecuted="0" disconnected="0" warning="0" passed="0" completed="0" inProgress="0" pending="0" />
  </ResultSummary>
  <TestDefinitions>
    <UnitTest name="ServiceTest" storage="d:\vipul\project r&amp;d\emailscheduler\emailscheduler.test\bin\debug\emailscheduler.test.dll" id="f25e3b6a-2ea3-a6c6-4d38-bd90b9fc493d">
      <Execution id="a9f8663e-27b8-4c4a-ac9d-f8bf9ad40185" />
      <TestMethod codeBase="D:/Vipul/Project R&amp;D/EmailScheduler/EmailScheduler.Test/bin/Debug/EmailScheduler.Test.DLL" adapterTypeName="Microsoft.VisualStudio.TestTools.TestTypes.Unit.UnitTestAdapter, Microsoft.VisualStudio.QualityTools.Tips.UnitTest.Adapter, Version=10.0.0.0, Culture=neutral, PublicKeyToken=b03f5f7f11d50a3a" className="EmailScheduler.Test.EmailRequestTest, EmailScheduler.Test, Version=1.0.0.0, Culture=neutral, PublicKeyToken=null" name="ServiceTest" />
    </UnitTest>
  </TestDefinitions>
  <TestLists>
    <TestList name="Results Not in a List" id="8c84fa94-04c1-424b-9868-57a2d4851a1d" />
    <TestList name="All Loaded Results" id="19431567-8539-422a-85d7-44ee4e166bda" />
  </TestLists>
  <TestEntries>
    <TestEntry testId="f25e3b6a-2ea3-a6c6-4d38-bd90b9fc493d" executionId="a9f8663e-27b8-4c4a-ac9d-f8bf9ad40185" testListId="8c84fa94-04c1-424b-9868-57a2d4851a1d" />
  </TestEntries>
  <Results>
    <UnitTestResult executionId="a9f8663e-27b8-4c4a-ac9d-f8bf9ad40185" testId="f25e3b6a-2ea3-a6c6-4d38-bd90b9fc493d" testName="ServiceTest" computerName="PSSPL31" duration="00:00:23.3909761" startTime="2011-11-07T18:30:31.8541060+05:30" endTime="2011-11-07T18:30:56.7724330+05:30" testType="13cdc9d9-ddb5-4fa4-a97d-d965ccfc6d4b" outcome="Failed" testListId="8c84fa94-04c1-424b-9868-57a2d4851a1d" relativeResultsDirectory="a9f8663e-27b8-4c4a-ac9d-f8bf9ad40185">
      <Output>
        <ErrorInfo>
          <Message>Assert.AreEqual failed. Expected:&lt;2&gt;. Actual:&lt;0&gt;. </Message>
          <StackTrace>   at EmailScheduler.Test.EmailRequestTest.ServiceTest() in D:\Vipul\Project R&amp;D\EmailScheduler\EmailScheduler.Test\EmailRequestTest.cs:line 69
</StackTrace>
        </ErrorInfo>
      </Output>
    </UnitTestResult>
  </Results>
</TestRun>